19:25:16 [INFO] CEREBRO: [UI] Theme changed: dark
19:25:16 [INFO] CEREBRO: [UI] Navigated to mission
19:25:16 [INFO] CEREBRO: [UI] MainWindow initialized
19:25:20 [INFO] CEREBRO: [UI] Navigated to scan
19:26:02 [INFO] CEREBRO: [UI] Scan started: 5f437be5-9e28-4e5b-ba6b-7082e738de17
19:26:04 [INFO] CEREBRO: [UI] Navigated to review
19:26:08 [INFO] CEREBRO: [UI] Navigated to scan
19:26:20 [INFO] CEREBRO: [UI] Navigated to review
19:26:26 [INFO] CEREBRO: [UI] Navigated to history
19:26:38 [ERROR] CEREBRO: [UI] Review load failed: 'int' object is not iterable
19:26:38 [ERROR] CEREBRO: [UI] History ingest failed: object of type 'int' has no len()
19:26:39 [INFO] CEREBRO: [UI] Navigated to review
19:26:48 [INFO] CEREBRO: [UI] Navigated to scan
19:27:04 [INFO] CEREBRO: [UI] Scan started: adaa68f4-d1a6-4ece-94fb-be89855613b7
19:27:05 [INFO] CEREBRO: [UI] Navigated to review
19:27:10 [INFO] CEREBRO: [UI] Navigated to review
19:27:11 [INFO] CEREBRO: [UI] Navigated to mission
19:27:12 [INFO] CEREBRO: [UI] Navigated to scan
19:27:57 [INFO] CEREBRO: [UI] Scan started: 15e0ddd4-2465-4fde-864a-bdff4a3a073e
19:27:58 [INFO] CEREBRO: [UI] Navigated to review
19:28:14 [INFO] CEREBRO: [UI] Navigated to scan
19:29:21 [INFO] CEREBRO: [UI] Scan started: 95f57c9d-9180-4513-94d8-9b9a7f8b2ab0
19:29:22 [INFO] CEREBRO: [UI] Navigated to review
19:30:09 [INFO] CEREBRO: [UI] Navigated to audit
19:48:14 [INFO] CEREBRO: [UI] Navigated to themes
19:48:16 [INFO] CEREBRO: [UI] Theme changed: amber_archive
19:48:17 [INFO] CEREBRO: [UI] Theme changed: amber_archive
19:48:19 [INFO] CEREBRO: [UI] Theme changed: amber_archive
19:48:19 [INFO] CEREBRO: [UI] Navigated to mission
19:48:20 [INFO] CEREBRO: [UI] Navigated to scan
19:50:28 [INFO] CEREBRO: [UI] Navigated to hub
19:52:40 [INFO] CEREBRO: [UI] Navigated to audit
19:52:41 [INFO] CEREBRO: [UI] Navigated to settings
19:54:31 [INFO] CEREBRO: [UI] Navigated to hub
