05:46:08 [INFO] CEREBRO: [UI] Theme changed: dark
05:46:09 [INFO] CEREBRO: [UI] Navigated to mission
05:46:09 [INFO] CEREBRO: [UI] MainWindow initialized
05:49:27 [INFO] CEREBRO: [UI] Navigated to scan
05:49:42 [INFO] CEREBRO: [UI] Scan started: 627bae4b-9e6d-490a-a767-c90e40eb63a0
05:49:43 [INFO] CEREBRO: [UI] Navigated to review
05:50:14 [INFO] CEREBRO: [UI] Navigated to history
05:50:20 [INFO] CEREBRO: [UI] Navigated to mission
05:50:31 [INFO] CEREBRO: [UI] Navigated to hub
05:52:27 [INFO] CEREBRO: [UI] Navigated to mission
05:52:40 [INFO] CEREBRO: [UI] Navigated to settings
05:52:50 [INFO] CEREBRO: [UI] Navigated to hub
05:52:51 [INFO] CEREBRO: [UI] Navigated to audit
05:52:51 [INFO] CEREBRO: [UI] Navigated to settings
05:52:53 [INFO] CEREBRO: [UI] Navigated to themes
05:52:59 [INFO] CEREBRO: [UI] Theme changed: arctic_byte
05:53:05 [INFO] CEREBRO: [UI] Theme changed: ice_cream
05:53:16 [INFO] CEREBRO: [UI] Theme changed: arctic_byte
05:53:24 [INFO] CEREBRO: [UI] Theme changed: lime_lab
05:53:33 [INFO] CEREBRO: [UI] Theme changed: lime_lab
05:53:47 [INFO] CEREBRO: [UI] Theme changed: violet_vault
