03:20:32 [INFO] CEREBRO: [UI] Theme changed: dark
03:20:33 [INFO] CEREBRO: [UI] Navigated to mission
03:20:33 [INFO] CEREBRO: [UI] MainWindow initialized
03:20:41 [INFO] CEREBRO: [UI] Navigated to scan
03:20:44 [INFO] CEREBRO: [UI] Navigated to review
03:20:45 [INFO] CEREBRO: [UI] Navigated to history
03:20:47 [INFO] CEREBRO: [UI] Navigated to themes
03:20:48 [INFO] CEREBRO: [UI] Navigated to settings
03:20:49 [INFO] CEREBRO: [UI] Navigated to audit
03:20:50 [INFO] CEREBRO: [UI] Navigated to hub
03:20:53 [INFO] CEREBRO: [UI] Navigated to mission
03:20:55 [INFO] CEREBRO: [UI] Navigated to scan
03:21:37 [INFO] CEREBRO: [UI] Scan started: df1f6f17-48e9-4cc5-95a9-5060879f9436
03:21:40 [INFO] CEREBRO: [UI] Navigated to review
03:22:44 [INFO] CEREBRO: [UI] Navigated to review
03:22:45 [INFO] CEREBRO: [UI] Navigated to history
03:22:48 [INFO] CEREBRO: [UI] Navigated to themes
03:22:58 [INFO] CEREBRO: [UI] Theme changed: desert_ui
03:23:09 [INFO] CEREBRO: [UI] Theme changed: lime_lab
03:23:13 [INFO] CEREBRO: [UI] Navigated to mission
03:23:15 [INFO] CEREBRO: [UI] Navigated to review
03:23:17 [INFO] CEREBRO: [UI] Navigated to audit
