17:32:53 [INFO] CEREBRO: [UI] Theme changed: dark
17:32:54 [INFO] CEREBRO: [UI] Navigated to mission
17:32:54 [INFO] CEREBRO: [UI] MainWindow initialized
17:33:52 [INFO] CEREBRO: [UI] Navigated to settings
17:34:00 [INFO] CEREBRO: [UI] Navigated to scan
17:34:03 [INFO] CEREBRO: [UI] Navigated to review
17:34:05 [INFO] CEREBRO: [UI] Navigated to history
17:34:07 [INFO] CEREBRO: [UI] Navigated to themes
17:34:10 [INFO] CEREBRO: [UI] Theme changed: coal_cinnamon
17:34:14 [INFO] CEREBRO: [UI] Theme changed: noir_peach
17:34:17 [INFO] CEREBRO: [UI] Theme changed: mint_terminal
17:34:21 [INFO] CEREBRO: [UI] Theme changed: neon_void
17:34:25 [INFO] CEREBRO: [UI] Theme changed: graphite_mint
17:34:31 [INFO] CEREBRO: [UI] Theme changed: sakura_overdrive
17:34:33 [INFO] CEREBRO: [UI] Theme changed: noir_peach
17:34:36 [INFO] CEREBRO: [UI] Theme changed: sakura_overdrive
17:34:37 [INFO] CEREBRO: [UI] Navigated to settings
17:34:42 [INFO] CEREBRO: [UI] Navigated to review
17:34:44 [INFO] CEREBRO: [UI] Navigated to history
17:34:47 [INFO] CEREBRO: [UI] Navigated to themes
17:34:48 [INFO] CEREBRO: [UI] Navigated to settings
17:34:55 [INFO] CEREBRO: [UI] Navigated to audit
17:35:24 [INFO] CEREBRO: [UI] Navigated to hub
