17:37:51 [INFO] CEREBRO: [UI] Theme changed: dark
17:37:51 [INFO] CEREBRO: [UI] Navigated to mission
17:37:51 [INFO] CEREBRO: [UI] MainWindow initialized
17:38:16 [INFO] CEREBRO: [UI] Navigated to hub
17:38:40 [INFO] CEREBRO: [UI] Navigated to audit
17:38:54 [INFO] CEREBRO: [UI] Navigated to settings
17:39:12 [INFO] CEREBRO: [UI] Navigated to scan
17:39:48 [INFO] CEREBRO: [UI] Scan started: 95bafe8c-21ef-43fe-8184-aa1954230fb9
17:39:48 [INFO] CEREBRO: [UI] Navigated to review
17:40:53 [INFO] CEREBRO: [UI] Navigated to scan
17:41:32 [INFO] CEREBRO: [UI] Scan started: 5c879d5b-bea5-4652-bd5d-33c47f460b6b
17:46:23 [INFO] CEREBRO: [UI] Navigated to mission
17:46:26 [INFO] CEREBRO: [UI] Navigated to scan
17:46:29 [INFO] CEREBRO: [UI] Navigated to review
17:46:32 [INFO] CEREBRO: [UI] Navigated to history
17:46:37 [INFO] CEREBRO: [UI] Navigated to themes
17:46:46 [INFO] CEREBRO: [UI] Theme changed: blood_moon
17:46:56 [INFO] CEREBRO: [UI] Navigated to audit
17:47:15 [INFO] CEREBRO: [UI] Navigated to hub
17:47:18 [INFO] CEREBRO: [UI] Navigated to scan
