# Phase 1 diagnostic scan — silver-octo-pancake fix/post-v1-audit
# Captured from: python -c "... TurboScanner(use_cache=False) ..."
# Root: C:\Users\S8633\Downloads\jhjl  (1,079 files on disk)
# Run at: 2026-04-20 01:58:01  (synchronous, no cache)
# Note: [DIAG:PAIR] rename was applied AFTER this capture; no collisions
#       were detected in this run, so absence of [DIAG:PAIR] lines is correct.
# ─────────────────────────────────────────────────────────────────────────────
01:58:01 [INFO] CEREBRO.cerebro.core.scanners.turbo_scanner: === Phase 1 diagnostic scan START root=C:/Users/S8633/Downloads/jhjl ===
01:58:01 [INFO] CEREBRO.cerebro.core.scanners.turbo_scanner: [Turbo] Phase 1: Discovering files...
01:58:01 [INFO] CEREBRO.cerebro.core.scanners.turbo_scanner: [Turbo] Discovered 1072 files in 0.02s
01:58:01 [INFO] CEREBRO.cerebro.core.scanners.turbo_scanner: [DIAG:DISCOVERY] roots=1 discovered=1072 skip_hidden=True min_size=1024
01:58:01 [INFO] CEREBRO.cerebro.core.scanners.turbo_scanner: [Turbo] Found 23 size groups with potential duplicates
01:58:01 [INFO] CEREBRO.cerebro.core.scanners.turbo_scanner: [DIAG:REDUCE] after_size_group size_groups=23 candidates=46
01:58:01 [INFO] CEREBRO.cerebro.core.scanners.turbo_scanner: [Turbo] Phase 2: Computing quick hashes...
01:58:01 [INFO] CEREBRO.cerebro.core.scanners.turbo_scanner: [Turbo] Found 1 quick-hash groups
01:58:01 [INFO] CEREBRO.cerebro.core.scanners.turbo_scanner: [DIAG:REDUCE] after_quick_hash groups=1 candidates=2
01:58:01 [INFO] CEREBRO.cerebro.core.scanners.turbo_scanner: [Turbo] Scan complete
01:58:01 [INFO] CEREBRO.cerebro.core.scanners.turbo_scanner: Discovered: 1072
01:58:01 [INFO] CEREBRO.cerebro.core.scanners.turbo_scanner: Candidates: 2
01:58:01 [INFO] CEREBRO.cerebro.core.scanners.turbo_scanner: Emitted: 2
01:58:01 [INFO] CEREBRO.cerebro.core.scanners.turbo_scanner: Time: 0.07s
01:58:01 [INFO] CEREBRO.cerebro.core.scanners.turbo_scanner: Speed: 16165 files/sec
01:58:01 [INFO] CEREBRO.cerebro.core.scanners.turbo_scanner: Cache hits: 0
01:58:01 [INFO] CEREBRO.cerebro.core.scanners.turbo_scanner: Cache misses: 0
01:58:01 [INFO] CEREBRO.cerebro.core.scanners.turbo_scanner: [DIAG:SUMMARY] scan=turbo discovered=1072 size_candidates=46 final_groups=1 emitted=2 elapsed=0.07s cache_hits=0 cache_misses=0 cache_hit_pct=0.0%
01:58:01 [INFO] CEREBRO.cerebro.core.scanners.turbo_scanner: === Phase 1 diagnostic scan END elapsed=0.07s emitted=2 groups=1 ===
# ─────────────────────────────────────────────────────────────────────────────
# FINDINGS:
#   discovered=1072  (7 files filtered by min_size=1024)
#   size_groups=23 candidates=46  → quick_hash_groups=1 candidates=2
#   final_groups=1  (1 true duplicate pair found)
#   No [DIAG:PAIR] collisions detected (no hardlinks/junctions in this tree)
#   Phase 2→3 count inversion: NOT present here (quick hash correctly reduced 46→2)
#   Cache hit rate: N/A (use_cache=False for diagnostic run to avoid SQLite lock contention)
